This is pdfTeX, Version 3.14159265-2.6-1.40.16 (TeX Live 2015/Arch Linux) (preloaded format=pdflatex 2016.2.9)  3 MAR 2016 17:12
entering extended mode
 restricted \write18 enabled.
 %&-line parsing enabled.
**homework4.tex
(./homework4.tex
LaTeX2e <2015/10/01> patch level 2
Babel <3.9m> and hyphenation patterns for 79 languages loaded.
(/usr/share/texmf-dist/tex/latex/base/article.cls
Document Class: article 2014/09/29 v1.4h Standard LaTeX document class
(/usr/share/texmf-dist/tex/latex/base/size10.clo
File: size10.clo 2014/09/29 v1.4h Standard LaTeX file (size option)
)
\c@part=\count79
\c@section=\count80
\c@subsection=\count81
\c@subsubsection=\count82
\c@paragraph=\count83
\c@subparagraph=\count84
\c@figure=\count85
\c@table=\count86
\abovecaptionskip=\skip41
\belowcaptionskip=\skip42
\bibindent=\dimen102
)
(/usr/share/texmf-dist/tex/latex/graphics/graphicx.sty
Package: graphicx 2014/10/28 v1.0g Enhanced LaTeX Graphics (DPC,SPQR)

(/usr/share/texmf-dist/tex/latex/graphics/keyval.sty
Package: keyval 2014/10/28 v1.15 key=value parser (DPC)
\KV@toks@=\toks14
)
(/usr/share/texmf-dist/tex/latex/graphics/graphics.sty
Package: graphics 2014/10/28 v1.0p Standard LaTeX Graphics (DPC,SPQR)

(/usr/share/texmf-dist/tex/latex/graphics/trig.sty
Package: trig 1999/03/16 v1.09 sin cos tan (DPC)
)
(/usr/share/texmf-dist/tex/latex/latexconfig/graphics.cfg
File: graphics.cfg 2010/04/23 v1.9 graphics configuration of TeX Live
)
Package graphics Info: Driver file: pdftex.def on input line 94.

(/usr/share/texmf-dist/tex/latex/pdftex-def/pdftex.def
File: pdftex.def 2011/05/27 v0.06d Graphics/color for pdfTeX

(/usr/share/texmf-dist/tex/generic/oberdiek/infwarerr.sty
Package: infwarerr 2010/04/08 v1.3 Providing info/warning/error messages (HO)
)
(/usr/share/texmf-dist/tex/generic/oberdiek/ltxcmds.sty
Package: ltxcmds 2011/11/09 v1.22 LaTeX kernel commands for general use (HO)
)
\Gread@gobject=\count87
))
\Gin@req@height=\dimen103
\Gin@req@width=\dimen104
)
(/usr/share/texmf-dist/tex/latex/listings/listings.sty
\lst@mode=\count88
\lst@gtempboxa=\box26
\lst@token=\toks15
\lst@length=\count89
\lst@currlwidth=\dimen105
\lst@column=\count90
\lst@pos=\count91
\lst@lostspace=\dimen106
\lst@width=\dimen107
\lst@newlines=\count92
\lst@lineno=\count93
\lst@maxwidth=\dimen108

(/usr/share/texmf-dist/tex/latex/listings/lstmisc.sty
File: lstmisc.sty 2015/06/04 1.6 (Carsten Heinz)
\c@lstnumber=\count94
\lst@skipnumbers=\count95
\lst@framebox=\box27
)
(/usr/share/texmf-dist/tex/latex/listings/listings.cfg
File: listings.cfg 2015/06/04 1.6 listings configuration
))
Package: listings 2015/06/04 1.6 (Carsten Heinz)
 (./homework4.aux)
\openout1 = `homework4.aux'.

LaTeX Font Info:    Checking defaults for OML/cmm/m/it on input line 8.
LaTeX Font Info:    ... okay on input line 8.
LaTeX Font Info:    Checking defaults for T1/cmr/m/n on input line 8.
LaTeX Font Info:    ... okay on input line 8.
LaTeX Font Info:    Checking defaults for OT1/cmr/m/n on input line 8.
LaTeX Font Info:    ... okay on input line 8.
LaTeX Font Info:    Checking defaults for OMS/cmsy/m/n on input line 8.
LaTeX Font Info:    ... okay on input line 8.
LaTeX Font Info:    Checking defaults for OMX/cmex/m/n on input line 8.
LaTeX Font Info:    ... okay on input line 8.
LaTeX Font Info:    Checking defaults for U/cmr/m/n on input line 8.
LaTeX Font Info:    ... okay on input line 8.

(/usr/share/texmf-dist/tex/context/base/supp-pdf.mkii
[Loading MPS to PDF converter (version 2006.09.02).]
\scratchcounter=\count96
\scratchdimen=\dimen109
\scratchbox=\box28
\nofMPsegments=\count97
\nofMParguments=\count98
\everyMPshowfont=\toks16
\MPscratchCnt=\count99
\MPscratchDim=\dimen110
\MPnumerator=\count100
\makeMPintoPDFobject=\count101
\everyMPtoPDFconversion=\toks17
) (/usr/share/texmf-dist/tex/generic/oberdiek/pdftexcmds.sty
Package: pdftexcmds 2011/11/29 v0.20 Utility functions of pdfTeX for LuaTeX (HO
)

(/usr/share/texmf-dist/tex/generic/oberdiek/ifluatex.sty
Package: ifluatex 2010/03/01 v1.3 Provides the ifluatex switch (HO)
Package ifluatex Info: LuaTeX not detected.
)
(/usr/share/texmf-dist/tex/generic/oberdiek/ifpdf.sty
Package: ifpdf 2011/01/30 v2.3 Provides the ifpdf switch (HO)
Package ifpdf Info: pdfTeX in PDF mode is detected.
)
Package pdftexcmds Info: LuaTeX not detected.
Package pdftexcmds Info: \pdf@primitive is available.
Package pdftexcmds Info: \pdf@ifprimitive is available.
Package pdftexcmds Info: \pdfdraftmode found.
)
(/usr/share/texmf-dist/tex/latex/oberdiek/epstopdf-base.sty
Package: epstopdf-base 2010/02/09 v2.5 Base part for package epstopdf

(/usr/share/texmf-dist/tex/latex/oberdiek/grfext.sty
Package: grfext 2010/08/19 v1.1 Manage graphics extensions (HO)

(/usr/share/texmf-dist/tex/generic/oberdiek/kvdefinekeys.sty
Package: kvdefinekeys 2011/04/07 v1.3 Define keys (HO)
))
(/usr/share/texmf-dist/tex/latex/oberdiek/kvoptions.sty
Package: kvoptions 2011/06/30 v3.11 Key value format for package options (HO)

(/usr/share/texmf-dist/tex/generic/oberdiek/kvsetkeys.sty
Package: kvsetkeys 2012/04/25 v1.16 Key value parser (HO)

(/usr/share/texmf-dist/tex/generic/oberdiek/etexcmds.sty
Package: etexcmds 2011/02/16 v1.5 Avoid name clashes with e-TeX commands (HO)
Package etexcmds Info: Could not find \expanded.
(etexcmds)             That can mean that you are not using pdfTeX 1.50 or
(etexcmds)             that some package has redefined \expanded.
(etexcmds)             In the latter case, load this package earlier.
)))
Package grfext Info: Graphics extension search list:
(grfext)             [.png,.pdf,.jpg,.mps,.jpeg,.jbig2,.jb2,.PNG,.PDF,.JPG,.JPE
G,.JBIG2,.JB2,.eps]
(grfext)             \AppendGraphicsExtensions on input line 452.

(/usr/share/texmf-dist/tex/latex/latexconfig/epstopdf-sys.cfg
File: epstopdf-sys.cfg 2010/07/13 v1.3 Configuration of (r)epstopdf for TeX Liv
e
))
\c@lstlisting=\count102
LaTeX Font Info:    External font `cmex10' loaded for size
(Font)              <12> on input line 10.
LaTeX Font Info:    External font `cmex10' loaded for size
(Font)              <8> on input line 10.
LaTeX Font Info:    External font `cmex10' loaded for size
(Font)              <6> on input line 10.

<hw4-1a.png, id=1, 359.3425pt x 230.8625pt>
File: hw4-1a.png Graphic file (type png)
 <use hw4-1a.png>
Package pdftex.def Info: hw4-1a.png used on input line 14.
(pdftex.def)             Requested size: 179.6708pt x 115.43095pt.

<hw4-1b.png, id=2, 513.92pt x 260.975pt>
File: hw4-1b.png Graphic file (type png)
 <use hw4-1b.png>
Package pdftex.def Info: hw4-1b.png used on input line 15.
(pdftex.def)             Requested size: 256.95937pt x 130.48718pt.

(/usr/share/texmf-dist/tex/latex/listings/lstlang1.sty
File: lstlang1.sty 2015/06/04 1.6 listings language file
)
Underfull \hbox (badness 10000) in paragraph at lines 17--18

 []

(./homework4.py
LaTeX Font Info:    External font `cmex10' loaded for size
(Font)              <7> on input line 5.
LaTeX Font Info:    External font `cmex10' loaded for size
(Font)              <5> on input line 5.
 [1

{/var/lib/texmf/fonts/map/pdftex/updmap/pdftex.map} <./hw4-1a.png (PNG copy)> <
./hw4-1b.png (PNG copy)>]
LaTeX Font Info:    Try loading font information for OMS+cmr on input line 19.

(/usr/share/texmf-dist/tex/latex/base/omscmr.fd
File: omscmr.fd 2014/09/29 v2.5h Standard LaTeX font definitions
)
LaTeX Font Info:    Font shape `OMS/cmr/m/n' in size <10> not available
(Font)              Font shape `OMS/cmsy/m/n' tried instead on input line 19.

Overfull \hbox (40.0037pt too wide) in paragraph at lines 26--27
[][][][][][][][][][][][][] 
 []


Overfull \hbox (100.0043pt too wide) in paragraph at lines 27--29
[][][][][][][][][][][][][][][][][][][][][] 
 []


Overfull \hbox (106.00436pt too wide) in paragraph at lines 29--30
[][][][][][][][][][][][][][][][][][][][][][][] 
 []


Overfull \hbox (82.00412pt too wide) in paragraph at lines 30--32
[][][][][][][][][][][][][][][][][][][][][] 
 []

) <hw4-2.png, id=14, 143.03438pt x 204.01219pt>
File: hw4-2.png Graphic file (type png)
 <use hw4-2.png>
Package pdftex.def Info: hw4-2.png used on input line 20.
(pdftex.def)             Requested size: 143.03401pt x 204.01169pt.

<hw4-3a.png, id=15, 353.32pt x 266.9975pt>
File: hw4-3a.png Graphic file (type png)
 <use hw4-3a.png>
Package pdftex.def Info: hw4-3a.png used on input line 24.
(pdftex.def)             Requested size: 176.65956pt x 133.49841pt.
 [2 <./hw4-2.png (PNG copy)>] <hw4-3b.png, id=19, 353.32pt x 266.9975pt>
File: hw4-3b.png Graphic file (type png)
 <use hw4-3b.png>
Package pdftex.def Info: hw4-3b.png used on input line 27.
(pdftex.def)             Requested size: 176.65956pt x 133.49841pt.

<hw4-3c.png, id=20, 353.32pt x 266.9975pt>
File: hw4-3c.png Graphic file (type png)
 <use hw4-3c.png>
Package pdftex.def Info: hw4-3c.png used on input line 28.
(pdftex.def)             Requested size: 176.65956pt x 133.49841pt.

<hw4-3d.png, id=21, 353.32pt x 266.9975pt>
File: hw4-3d.png Graphic file (type png)
 <use hw4-3d.png>
Package pdftex.def Info: hw4-3d.png used on input line 29.
(pdftex.def)             Requested size: 176.65956pt x 133.49841pt.
 [3 <./hw4-3a.png (PNG copy)> <./hw4-3b.png (PNG copy)> <./hw4-3c.png (PNG copy
)>]
<hw4-4a.png, id=25, 477.785pt x 262.9825pt>
File: hw4-4a.png Graphic file (type png)
 <use hw4-4a.png>
Package pdftex.def Info: hw4-4a.png used on input line 33.
(pdftex.def)             Requested size: 238.8919pt x 131.49092pt.
 [4 <./hw4-3d.png (PNG copy)> <./hw4-4a.png (PNG copy)>] (./homework4.aux) ) 
Here is how much of TeX's memory you used:
 2929 strings out of 493054
 41259 string characters out of 6140587
 132737 words of memory out of 5000000
 6432 multiletter control sequences out of 15000+600000
 7329 words of font info for 26 fonts, out of 8000000 for 9000
 1141 hyphenation exceptions out of 8191
 38i,6n,43p,307b,1671s stack positions out of 5000i,500n,10000p,200000b,80000s
</u
sr/share/texmf-dist/fonts/type1/public/amsfonts/cm/cmbx10.pfb></usr/share/texmf
-dist/fonts/type1/public/amsfonts/cm/cmr10.pfb></usr/share/texmf-dist/fonts/typ
e1/public/amsfonts/cm/cmr12.pfb></usr/share/texmf-dist/fonts/type1/public/amsfo
nts/cm/cmr17.pfb></usr/share/texmf-dist/fonts/type1/public/amsfonts/cm/cmsy10.p
fb></usr/share/texmf-dist/fonts/type1/public/amsfonts/cm/cmti10.pfb>
Output written on homework4.pdf (4 pages, 97044 bytes).
PDF statistics:
 49 PDF objects out of 1000 (max. 8388607)
 28 compressed objects within 1 object stream
 0 named destinations out of 1000 (max. 500000)
 41 words of extra memory for PDF output out of 10000 (max. 10000000)

